<?xml version="1.0" encoding="UTF-8"?>
<testsuite name="com.appgen.AppgenApplicationTests" tests="2" skipped="0" failures="0" errors="0" timestamp="2020-07-21T08:51:18" hostname="RU-PC" time="0.448">
  <properties/>
  <testcase name="checkTest()" classname="com.appgen.AppgenApplicationTests" time="0.444"/>
  <testcase name="contextLoads()" classname="com.appgen.AppgenApplicationTests" time="0.002"/>
  <system-out><![CDATA[04:51:15.709 [Test worker] DEBUG org.springframework.test.context.BootstrapUtils - Instantiating CacheAwareContextLoaderDelegate from class [org.springframework.test.context.cache.DefaultCacheAwareContextLoaderDelegate]
04:51:15.722 [Test worker] DEBUG org.springframework.test.context.BootstrapUtils - Instantiating BootstrapContext using constructor [public org.springframework.test.context.support.DefaultBootstrapContext(java.lang.Class,org.springframework.test.context.CacheAwareContextLoaderDelegate)]
04:51:15.750 [Test worker] DEBUG org.springframework.test.context.BootstrapUtils - Instantiating TestContextBootstrapper for test class [com.appgen.AppgenApplicationTests] from class [org.springframework.boot.test.context.SpringBootTestContextBootstrapper]
04:51:15.766 [Test worker] INFO org.springframework.boot.test.context.SpringBootTestContextBootstrapper - Neither @ContextConfiguration nor @ContextHierarchy found for test class [com.appgen.AppgenApplicationTests], using SpringBootContextLoader
04:51:15.770 [Test worker] DEBUG org.springframework.test.context.support.AbstractContextLoader - Did not detect default resource location for test class [com.appgen.AppgenApplicationTests]: class path resource [com/appgen/AppgenApplicationTests-context.xml] does not exist
04:51:15.771 [Test worker] DEBUG org.springframework.test.context.support.AbstractContextLoader - Did not detect default resource location for test class [com.appgen.AppgenApplicationTests]: class path resource [com/appgen/AppgenApplicationTestsContext.groovy] does not exist
04:51:15.771 [Test worker] INFO org.springframework.test.context.support.AbstractContextLoader - Could not detect default resource locations for test class [com.appgen.AppgenApplicationTests]: no resource found for suffixes {-context.xml, Context.groovy}.
04:51:15.772 [Test worker] INFO org.springframework.test.context.support.AnnotationConfigContextLoaderUtils - Could not detect default configuration classes for test class [com.appgen.AppgenApplicationTests]: AppgenApplicationTests does not declare any static, non-private, non-final, nested classes annotated with @Configuration.
04:51:15.812 [Test worker] DEBUG org.springframework.test.context.support.ActiveProfilesUtils - Could not find an 'annotation declaring class' for annotation type [org.springframework.test.context.ActiveProfiles] and class [com.appgen.AppgenApplicationTests]
04:51:15.877 [Test worker] DEBUG org.springframework.context.annotation.ClassPathScanningCandidateComponentProvider - Identified candidate component class: file [D:\GitRepositories\appgen\src\appgen-core\build\classes\java\main\com\appgen\AppgenApplication.class]
04:51:15.879 [Test worker] INFO org.springframework.boot.test.context.SpringBootTestContextBootstrapper - Found @SpringBootConfiguration com.appgen.AppgenApplication for test class com.appgen.AppgenApplicationTests
04:51:15.999 [Test worker] DEBUG org.springframework.boot.test.context.SpringBootTestContextBootstrapper - @TestExecutionListeners is not present for class [com.appgen.AppgenApplicationTests]: using defaults.
04:51:16.000 [Test worker] INFO org.springframework.boot.test.context.SpringBootTestContextBootstrapper - Loaded default TestExecutionListener class names from location [META-INF/spring.factories]: [org.springframework.boot.test.autoconfigure.restdocs.RestDocsTestExecutionListener, org.springframework.boot.test.autoconfigure.web.client.MockRestServiceServerResetTestExecutionListener, org.springframework.boot.test.autoconfigure.web.servlet.MockMvcPrintOnlyOnFailureTestExecutionListener, org.springframework.boot.test.autoconfigure.web.servlet.WebDriverTestExecutionListener, org.springframework.boot.test.autoconfigure.webservices.client.MockWebServiceServerTestExecutionListener, org.springframework.boot.test.mock.mockito.MockitoTestExecutionListener, org.springframework.boot.test.mock.mockito.ResetMocksTestExecutionListener, org.springframework.test.context.web.ServletTestExecutionListener, org.springframework.test.context.support.DirtiesContextBeforeModesTestExecutionListener, org.springframework.test.context.support.DependencyInjectionTestExecutionListener, org.springframework.test.context.support.DirtiesContextTestExecutionListener, org.springframework.test.context.transaction.TransactionalTestExecutionListener, org.springframework.test.context.jdbc.SqlScriptsTestExecutionListener, org.springframework.test.context.event.EventPublishingTestExecutionListener]
04:51:16.011 [Test worker] DEBUG org.springframework.boot.test.context.SpringBootTestContextBootstrapper - Skipping candidate TestExecutionListener [org.springframework.test.context.transaction.TransactionalTestExecutionListener] due to a missing dependency. Specify custom listener classes or make the default listener classes and their required dependencies available. Offending class: [org/springframework/transaction/interceptor/TransactionAttributeSource]
04:51:16.012 [Test worker] DEBUG org.springframework.boot.test.context.SpringBootTestContextBootstrapper - Skipping candidate TestExecutionListener [org.springframework.test.context.jdbc.SqlScriptsTestExecutionListener] due to a missing dependency. Specify custom listener classes or make the default listener classes and their required dependencies available. Offending class: [org/springframework/transaction/interceptor/TransactionAttribute]
04:51:16.012 [Test worker] INFO org.springframework.boot.test.context.SpringBootTestContextBootstrapper - Using TestExecutionListeners: [org.springframework.test.context.web.ServletTestExecutionListener@353731ba, org.springframework.test.context.support.DirtiesContextBeforeModesTestExecutionListener@1ffc0553, org.springframework.boot.test.mock.mockito.MockitoTestExecutionListener@1b08a694, org.springframework.boot.test.autoconfigure.SpringBootDependencyInjectionTestExecutionListener@74f92fa4, org.springframework.test.context.support.DirtiesContextTestExecutionListener@78cf7a60, org.springframework.test.context.event.EventPublishingTestExecutionListener@7e62eb7, org.springframework.boot.test.autoconfigure.restdocs.RestDocsTestExecutionListener@598414d9, org.springframework.boot.test.autoconfigure.web.client.MockRestServiceServerResetTestExecutionListener@64bd9442, org.springframework.boot.test.autoconfigure.web.servlet.MockMvcPrintOnlyOnFailureTestExecutionListener@6722eecf, org.springframework.boot.test.autoconfigure.web.servlet.WebDriverTestExecutionListener@5187e70a, org.springframework.boot.test.autoconfigure.webservices.client.MockWebServiceServerTestExecutionListener@28dc133f, org.springframework.boot.test.mock.mockito.ResetMocksTestExecutionListener@20cb8de2]
04:51:16.017 [Test worker] DEBUG org.springframework.test.context.support.AbstractDirtiesContextTestExecutionListener - Before test class: context [DefaultTestContext@60025b87 testClass = AppgenApplicationTests, testInstance = [null], testMethod = [null], testException = [null], mergedContextConfiguration = [WebMergedContextConfiguration@ae27ff6 testClass = AppgenApplicationTests, locations = '{}', classes = '{class com.appgen.AppgenApplication}', contextInitializerClasses = '[]', activeProfiles = '{}', propertySourceLocations = '{}', propertySourceProperties = '{org.springframework.boot.test.context.SpringBootTestContextBootstrapper=true}', contextCustomizers = set[org.springframework.boot.test.autoconfigure.properties.PropertyMappingContextCustomizer@0, org.springframework.boot.test.autoconfigure.web.servlet.WebDriverContextCustomizerFactory$Customizer@5e31b087, org.springframework.boot.test.context.filter.ExcludeFilterContextCustomizer@7cb2cf8b, org.springframework.boot.test.json.DuplicateJsonObjectContextCustomizerFactory$DuplicateJsonObjectContextCustomizer@350ed56e, org.springframework.boot.test.mock.mockito.MockitoContextCustomizer@0, org.springframework.boot.test.web.client.TestRestTemplateContextCustomizer@76930f32, org.springframework.boot.test.context.SpringBootTestArgs@1], resourceBasePath = 'src/main/webapp', contextLoader = 'org.springframework.boot.test.context.SpringBootContextLoader', parent = [null]], attributes = map['org.springframework.test.context.web.ServletTestExecutionListener.activateListener' -> true]], class annotated with @DirtiesContext [false] with mode [null].
04:51:16.042 [Test worker] DEBUG org.springframework.test.context.support.TestPropertySourceUtils - Adding inlined properties to environment: {spring.jmx.enabled=false, org.springframework.boot.test.context.SpringBootTestContextBootstrapper=true}

  .   ____          _            __ _ _
 /\\ / ___'_ __ _ _(_)_ __  __ _ \ \ \ \
( ( )\___ | '_ | '_| | '_ \/ _` | \ \ \ \
 \\/  ___)| |_)| | | | | || (_| |  ) ) ) )
  '  |____| .__|_| |_|_| |_\__, | / / / /
 =========|_|==============|___/=/_/_/_/
 :: Spring Boot ::        (v2.3.0.RELEASE)

2020-07-21 04:51:16.354  INFO 22372 --- [    Test worker] com.appgen.AppgenApplicationTests        : Starting AppgenApplicationTests on Ru-PC with PID 22372 (started by ruusey in D:\GitRepositories\appgen\src\appgen-core)
2020-07-21 04:51:16.355  INFO 22372 --- [    Test worker] com.appgen.AppgenApplicationTests        : No active profile set, falling back to default profiles: default
2020-07-21 04:51:17.582  INFO 22372 --- [    Test worker] o.s.s.concurrent.ThreadPoolTaskExecutor  : Initializing ExecutorService 'applicationTaskExecutor'
2020-07-21 04:51:17.683  INFO 22372 --- [    Test worker] o.s.b.a.w.s.WelcomePageHandlerMapping    : Adding welcome page: class path resource [static/index.html]
2020-07-21 04:51:17.810  WARN 22372 --- [    Test worker] ion$DefaultTemplateResolverConfiguration : Cannot find template location: classpath:/templates/ (please add some templates or check your Thymeleaf configuration)
2020-07-21 04:51:18.033  INFO 22372 --- [    Test worker] com.appgen.AppgenApplicationTests        : Started AppgenApplicationTests in 1.98 seconds (JVM running for 3.418)
2020-07-21 04:51:18.034  INFO 22372 --- [    Test worker] com.appgen.application.AppgenMain        : Initializing Appgen Service...
2020-07-21 04:51:18.037  INFO 22372 --- [    Test worker] com.j256.ormlite.table.TableUtils        : creating table 'service_providers'
2020-07-21 04:51:18.345  INFO 22372 --- [    Test worker] com.j256.ormlite.table.TableUtils        : executed create table statement changed 0 rows: CREATE TABLE IF NOT EXISTS `service_providers` (`email` VARCHAR(255) NOT NULL , `user_name` VARCHAR(255) NOT NULL , `first_name` VARCHAR(255) NOT NULL , `last_name` VARCHAR(255) NOT NULL , `loc_id` INTEGER , `name` FLOAT DEFAULT 0.0 NOT NULL , `friendly_location` VARCHAR(255) , `id` INTEGER AUTO_INCREMENT , PRIMARY KEY (`id`) ) ENGINE=InnoDB 
2020-07-21 04:51:18.346  INFO 22372 --- [    Test worker] com.j256.ormlite.table.TableUtils        : creating table 'geolocations'
2020-07-21 04:51:18.347  INFO 22372 --- [    Test worker] com.j256.ormlite.table.TableUtils        : executed create table statement changed 0 rows: CREATE TABLE IF NOT EXISTS `geolocations` (`lat` DOUBLE PRECISION DEFAULT 0.0 NOT NULL , `lng` DOUBLE PRECISION DEFAULT 0.0 NOT NULL , `date_time` VARCHAR(255) , `jobGeoLoc_id` INTEGER , `clientGeoLoc_id` INTEGER , `serviceProviderGeoLoc_id` INTEGER , `id` INTEGER AUTO_INCREMENT , PRIMARY KEY (`id`) ) ENGINE=InnoDB 
2020-07-21 04:51:18.348  INFO 22372 --- [    Test worker] com.j256.ormlite.table.TableUtils        : creating table 'clients'
2020-07-21 04:51:18.349  INFO 22372 --- [    Test worker] com.j256.ormlite.table.TableUtils        : executed create table statement changed 0 rows: CREATE TABLE IF NOT EXISTS `clients` (`email` VARCHAR(255) NOT NULL , `user_name` VARCHAR(255) NOT NULL , `first_name` VARCHAR(255) NOT NULL , `last_name` VARCHAR(255) NOT NULL , `loc_id` INTEGER , `rating` FLOAT , `id` INTEGER AUTO_INCREMENT , PRIMARY KEY (`id`) ) ENGINE=InnoDB 
2020-07-21 04:51:18.349  INFO 22372 --- [    Test worker] com.j256.ormlite.table.TableUtils        : creating table 'job_requests'
2020-07-21 04:51:18.350  INFO 22372 --- [    Test worker] com.j256.ormlite.table.TableUtils        : executed create table statement changed 0 rows: CREATE TABLE IF NOT EXISTS `job_requests` (`short_description` VARCHAR(255) NOT NULL , `long_description` VARCHAR(255) NOT NULL , `loc_id` INTEGER , `pay` DOUBLE PRECISION NOT NULL , `complete` TINYINT(1) NOT NULL , `friendly_location` VARCHAR(255) , `client_id` INTEGER , `id` INTEGER AUTO_INCREMENT , PRIMARY KEY (`id`) ) ENGINE=InnoDB 
2020-07-21 04:51:18.571  INFO 22372 --- [    Test worker] com.j256.ormlite.table.TableUtils        : creating table 'service_providers'
2020-07-21 04:51:18.572  INFO 22372 --- [    Test worker] com.j256.ormlite.table.TableUtils        : executed create table statement changed 0 rows: CREATE TABLE IF NOT EXISTS `service_providers` (`email` VARCHAR(255) NOT NULL , `user_name` VARCHAR(255) NOT NULL , `first_name` VARCHAR(255) NOT NULL , `last_name` VARCHAR(255) NOT NULL , `loc_id` INTEGER , `name` FLOAT DEFAULT 0.0 NOT NULL , `friendly_location` VARCHAR(255) , `id` INTEGER AUTO_INCREMENT , PRIMARY KEY (`id`) ) ENGINE=InnoDB 
2020-07-21 04:51:18.572  INFO 22372 --- [    Test worker] com.j256.ormlite.table.TableUtils        : creating table 'geolocations'
2020-07-21 04:51:18.573  INFO 22372 --- [    Test worker] com.j256.ormlite.table.TableUtils        : executed create table statement changed 0 rows: CREATE TABLE IF NOT EXISTS `geolocations` (`lat` DOUBLE PRECISION DEFAULT 0.0 NOT NULL , `lng` DOUBLE PRECISION DEFAULT 0.0 NOT NULL , `date_time` VARCHAR(255) , `jobGeoLoc_id` INTEGER , `clientGeoLoc_id` INTEGER , `serviceProviderGeoLoc_id` INTEGER , `id` INTEGER AUTO_INCREMENT , PRIMARY KEY (`id`) ) ENGINE=InnoDB 
2020-07-21 04:51:18.573  INFO 22372 --- [    Test worker] com.j256.ormlite.table.TableUtils        : creating table 'clients'
2020-07-21 04:51:18.573  INFO 22372 --- [    Test worker] com.j256.ormlite.table.TableUtils        : executed create table statement changed 0 rows: CREATE TABLE IF NOT EXISTS `clients` (`email` VARCHAR(255) NOT NULL , `user_name` VARCHAR(255) NOT NULL , `first_name` VARCHAR(255) NOT NULL , `last_name` VARCHAR(255) NOT NULL , `loc_id` INTEGER , `rating` FLOAT , `id` INTEGER AUTO_INCREMENT , PRIMARY KEY (`id`) ) ENGINE=InnoDB 
2020-07-21 04:51:18.573  INFO 22372 --- [    Test worker] com.j256.ormlite.table.TableUtils        : creating table 'job_requests'
2020-07-21 04:51:18.574  INFO 22372 --- [    Test worker] com.j256.ormlite.table.TableUtils        : executed create table statement changed 0 rows: CREATE TABLE IF NOT EXISTS `job_requests` (`short_description` VARCHAR(255) NOT NULL , `long_description` VARCHAR(255) NOT NULL , `loc_id` INTEGER , `pay` DOUBLE PRECISION NOT NULL , `complete` TINYINT(1) NOT NULL , `friendly_location` VARCHAR(255) , `client_id` INTEGER , `id` INTEGER AUTO_INCREMENT , PRIMARY KEY (`id`) ) ENGINE=InnoDB 
2020-07-21 04:51:18.798  INFO 22372 --- [    Test worker] com.appgen.AppgenApplicationTests        : {"id":1,"email":"ruusey@gmail.com","userName":"ruusey","firstName":"Robert","lastName":"Usey","jobs":[{"id":1,"shortDescription":"Wanted software engineer","longDescription":"long-desc","loc":{"id":3,"lat":41.001,"lng":114.9,"dateTime":"2020-07-14T16:45:25.330Z"},"pay":100000.0,"complete":false,"friendlyLocation":null}],"loc":{"id":1,"lat":10.001,"lng":-14.1,"dateTime":"2020-07-14T16:45:25.329Z"},"rating":100.0}
2020-07-21 04:51:18.801  INFO 22372 --- [    Test worker] com.appgen.AppgenApplicationTests        : {"id":1,"email":"ruusey@gmail.com","userName":"ruusey","firstName":"Robert","lastName":"Usey","loc":{"id":2,"lat":-10.001,"lng":14.1,"dateTime":"2020-07-14T16:45:25.330Z"},"rating":100.0,"friendlyLocation":null}
]]></system-out>
  <system-err><![CDATA[Loading class `com.mysql.jdbc.Driver'. This is deprecated. The new driver class is `com.mysql.cj.jdbc.Driver'. The driver is automatically registered via the SPI and manual loading of the driver class is generally unnecessary.
]]></system-err>
</testsuite>
