<?xml version="1.0" encoding="UTF-8"?>
<testsuite name="com.appgen.AppgenApplicationTests" tests="2" skipped="0" failures="0" errors="0" timestamp="2020-07-23T05:39:37" hostname="RU-PC" time="0.415">
  <properties/>
  <testcase name="checkTest()" classname="com.appgen.AppgenApplicationTests" time="0.412"/>
  <testcase name="contextLoads()" classname="com.appgen.AppgenApplicationTests" time="0.002"/>
  <system-out><![CDATA[01:39:34.779 [Test worker] DEBUG org.springframework.test.context.BootstrapUtils - Instantiating CacheAwareContextLoaderDelegate from class [org.springframework.test.context.cache.DefaultCacheAwareContextLoaderDelegate]
01:39:34.793 [Test worker] DEBUG org.springframework.test.context.BootstrapUtils - Instantiating BootstrapContext using constructor [public org.springframework.test.context.support.DefaultBootstrapContext(java.lang.Class,org.springframework.test.context.CacheAwareContextLoaderDelegate)]
01:39:34.826 [Test worker] DEBUG org.springframework.test.context.BootstrapUtils - Instantiating TestContextBootstrapper for test class [com.appgen.AppgenApplicationTests] from class [org.springframework.boot.test.context.SpringBootTestContextBootstrapper]
01:39:34.842 [Test worker] INFO org.springframework.boot.test.context.SpringBootTestContextBootstrapper - Neither @ContextConfiguration nor @ContextHierarchy found for test class [com.appgen.AppgenApplicationTests], using SpringBootContextLoader
01:39:34.846 [Test worker] DEBUG org.springframework.test.context.support.AbstractContextLoader - Did not detect default resource location for test class [com.appgen.AppgenApplicationTests]: class path resource [com/appgen/AppgenApplicationTests-context.xml] does not exist
01:39:34.846 [Test worker] DEBUG org.springframework.test.context.support.AbstractContextLoader - Did not detect default resource location for test class [com.appgen.AppgenApplicationTests]: class path resource [com/appgen/AppgenApplicationTestsContext.groovy] does not exist
01:39:34.847 [Test worker] INFO org.springframework.test.context.support.AbstractContextLoader - Could not detect default resource locations for test class [com.appgen.AppgenApplicationTests]: no resource found for suffixes {-context.xml, Context.groovy}.
01:39:34.848 [Test worker] INFO org.springframework.test.context.support.AnnotationConfigContextLoaderUtils - Could not detect default configuration classes for test class [com.appgen.AppgenApplicationTests]: AppgenApplicationTests does not declare any static, non-private, non-final, nested classes annotated with @Configuration.
01:39:34.893 [Test worker] DEBUG org.springframework.test.context.support.ActiveProfilesUtils - Could not find an 'annotation declaring class' for annotation type [org.springframework.test.context.ActiveProfiles] and class [com.appgen.AppgenApplicationTests]
01:39:34.967 [Test worker] DEBUG org.springframework.context.annotation.ClassPathScanningCandidateComponentProvider - Identified candidate component class: file [D:\GitRepositories\appgen\build\classes\java\main\com\appgen\AppgenApplication.class]
01:39:34.969 [Test worker] INFO org.springframework.boot.test.context.SpringBootTestContextBootstrapper - Found @SpringBootConfiguration com.appgen.AppgenApplication for test class com.appgen.AppgenApplicationTests
01:39:35.100 [Test worker] DEBUG org.springframework.boot.test.context.SpringBootTestContextBootstrapper - @TestExecutionListeners is not present for class [com.appgen.AppgenApplicationTests]: using defaults.
01:39:35.100 [Test worker] INFO org.springframework.boot.test.context.SpringBootTestContextBootstrapper - Loaded default TestExecutionListener class names from location [META-INF/spring.factories]: [org.springframework.boot.test.autoconfigure.restdocs.RestDocsTestExecutionListener, org.springframework.boot.test.autoconfigure.web.client.MockRestServiceServerResetTestExecutionListener, org.springframework.boot.test.autoconfigure.web.servlet.MockMvcPrintOnlyOnFailureTestExecutionListener, org.springframework.boot.test.autoconfigure.web.servlet.WebDriverTestExecutionListener, org.springframework.boot.test.autoconfigure.webservices.client.MockWebServiceServerTestExecutionListener, org.springframework.boot.test.mock.mockito.MockitoTestExecutionListener, org.springframework.boot.test.mock.mockito.ResetMocksTestExecutionListener, org.springframework.test.context.web.ServletTestExecutionListener, org.springframework.test.context.support.DirtiesContextBeforeModesTestExecutionListener, org.springframework.test.context.support.DependencyInjectionTestExecutionListener, org.springframework.test.context.support.DirtiesContextTestExecutionListener, org.springframework.test.context.transaction.TransactionalTestExecutionListener, org.springframework.test.context.jdbc.SqlScriptsTestExecutionListener, org.springframework.test.context.event.EventPublishingTestExecutionListener]
01:39:35.111 [Test worker] DEBUG org.springframework.boot.test.context.SpringBootTestContextBootstrapper - Skipping candidate TestExecutionListener [org.springframework.test.context.transaction.TransactionalTestExecutionListener] due to a missing dependency. Specify custom listener classes or make the default listener classes and their required dependencies available. Offending class: [org/springframework/transaction/interceptor/TransactionAttributeSource]
01:39:35.112 [Test worker] DEBUG org.springframework.boot.test.context.SpringBootTestContextBootstrapper - Skipping candidate TestExecutionListener [org.springframework.test.context.jdbc.SqlScriptsTestExecutionListener] due to a missing dependency. Specify custom listener classes or make the default listener classes and their required dependencies available. Offending class: [org/springframework/transaction/interceptor/TransactionAttribute]
01:39:35.112 [Test worker] INFO org.springframework.boot.test.context.SpringBootTestContextBootstrapper - Using TestExecutionListeners: [org.springframework.test.context.web.ServletTestExecutionListener@3a1f8bd1, org.springframework.test.context.support.DirtiesContextBeforeModesTestExecutionListener@5d6a3f4f, org.springframework.boot.test.mock.mockito.MockitoTestExecutionListener@49eea577, org.springframework.boot.test.autoconfigure.SpringBootDependencyInjectionTestExecutionListener@397afda1, org.springframework.test.context.support.DirtiesContextTestExecutionListener@7ffda85c, org.springframework.test.context.event.EventPublishingTestExecutionListener@73e170ab, org.springframework.boot.test.autoconfigure.restdocs.RestDocsTestExecutionListener@4f18b6bd, org.springframework.boot.test.autoconfigure.web.client.MockRestServiceServerResetTestExecutionListener@21e1cd0a, org.springframework.boot.test.autoconfigure.web.servlet.MockMvcPrintOnlyOnFailureTestExecutionListener@33cc2e22, org.springframework.boot.test.autoconfigure.web.servlet.WebDriverTestExecutionListener@4b5064d8, org.springframework.boot.test.autoconfigure.webservices.client.MockWebServiceServerTestExecutionListener@41f78e51, org.springframework.boot.test.mock.mockito.ResetMocksTestExecutionListener@6ed182f8]
01:39:35.116 [Test worker] DEBUG org.springframework.test.context.support.AbstractDirtiesContextTestExecutionListener - Before test class: context [DefaultTestContext@356f604b testClass = AppgenApplicationTests, testInstance = [null], testMethod = [null], testException = [null], mergedContextConfiguration = [WebMergedContextConfiguration@2a9aceba testClass = AppgenApplicationTests, locations = '{}', classes = '{class com.appgen.AppgenApplication}', contextInitializerClasses = '[]', activeProfiles = '{}', propertySourceLocations = '{}', propertySourceProperties = '{org.springframework.boot.test.context.SpringBootTestContextBootstrapper=true}', contextCustomizers = set[org.springframework.boot.test.autoconfigure.properties.PropertyMappingContextCustomizer@0, org.springframework.boot.test.autoconfigure.web.servlet.WebDriverContextCustomizerFactory$Customizer@27b170db, org.springframework.boot.test.context.filter.ExcludeFilterContextCustomizer@11ce3b0a, org.springframework.boot.test.json.DuplicateJsonObjectContextCustomizerFactory$DuplicateJsonObjectContextCustomizer@2c86f4d3, org.springframework.boot.test.mock.mockito.MockitoContextCustomizer@0, org.springframework.boot.test.web.client.TestRestTemplateContextCustomizer@717be8b0, org.springframework.boot.test.context.SpringBootTestArgs@1], resourceBasePath = 'src/main/webapp', contextLoader = 'org.springframework.boot.test.context.SpringBootContextLoader', parent = [null]], attributes = map['org.springframework.test.context.web.ServletTestExecutionListener.activateListener' -> true]], class annotated with @DirtiesContext [false] with mode [null].
01:39:35.143 [Test worker] DEBUG org.springframework.test.context.support.TestPropertySourceUtils - Adding inlined properties to environment: {spring.jmx.enabled=false, org.springframework.boot.test.context.SpringBootTestContextBootstrapper=true}

  .   ____          _            __ _ _
 /\\ / ___'_ __ _ _(_)_ __  __ _ \ \ \ \
( ( )\___ | '_ | '_| | '_ \/ _` | \ \ \ \
 \\/  ___)| |_)| | | | | || (_| |  ) ) ) )
  '  |____| .__|_| |_|_| |_\__, | / / / /
 =========|_|==============|___/=/_/_/_/
 :: Spring Boot ::        (v2.3.0.RELEASE)

2020-07-23 01:39:35.467  INFO 16232 --- [    Test worker] com.appgen.AppgenApplicationTests        : Starting AppgenApplicationTests on Ru-PC with PID 16232 (started by ruusey in D:\GitRepositories\appgen)
2020-07-23 01:39:35.468  INFO 16232 --- [    Test worker] com.appgen.AppgenApplicationTests        : No active profile set, falling back to default profiles: default
2020-07-23 01:39:36.668  INFO 16232 --- [    Test worker] o.s.s.concurrent.ThreadPoolTaskExecutor  : Initializing ExecutorService 'applicationTaskExecutor'
2020-07-23 01:39:37.112  INFO 16232 --- [    Test worker] com.appgen.AppgenApplicationTests        : Started AppgenApplicationTests in 1.961 seconds (JVM running for 3.313)
2020-07-23 01:39:37.114  INFO 16232 --- [    Test worker] com.appgen.application.AppgenMain        : Initializing Appgen Service...
2020-07-23 01:39:37.117  INFO 16232 --- [    Test worker] com.j256.ormlite.table.TableUtils        : creating table 'clients'
2020-07-23 01:39:37.407  INFO 16232 --- [    Test worker] com.j256.ormlite.table.TableUtils        : executed create table statement changed 0 rows: CREATE TABLE IF NOT EXISTS `clients` (`email` VARCHAR(255) NOT NULL , `user_name` VARCHAR(255) NOT NULL , `first_name` VARCHAR(255) NOT NULL , `last_name` VARCHAR(255) NOT NULL , `loc_id` INTEGER , `rating` FLOAT , `id` INTEGER AUTO_INCREMENT , PRIMARY KEY (`id`) ) ENGINE=InnoDB 
2020-07-23 01:39:37.407  INFO 16232 --- [    Test worker] com.j256.ormlite.table.TableUtils        : creating table 'job_requests'
2020-07-23 01:39:37.408  INFO 16232 --- [    Test worker] com.j256.ormlite.table.TableUtils        : executed create table statement changed 0 rows: CREATE TABLE IF NOT EXISTS `job_requests` (`short_description` VARCHAR(255) NOT NULL , `long_description` VARCHAR(255) NOT NULL , `loc_id` INTEGER , `pay` DOUBLE PRECISION NOT NULL , `complete` TINYINT(1) NOT NULL , `friendly_location` VARCHAR(255) , `client_id` INTEGER , `id` INTEGER AUTO_INCREMENT , PRIMARY KEY (`id`) ) ENGINE=InnoDB 
2020-07-23 01:39:37.408  INFO 16232 --- [    Test worker] com.j256.ormlite.table.TableUtils        : creating table 'service_providers'
2020-07-23 01:39:37.409  INFO 16232 --- [    Test worker] com.j256.ormlite.table.TableUtils        : executed create table statement changed 0 rows: CREATE TABLE IF NOT EXISTS `service_providers` (`email` VARCHAR(255) NOT NULL , `user_name` VARCHAR(255) NOT NULL , `first_name` VARCHAR(255) NOT NULL , `last_name` VARCHAR(255) NOT NULL , `loc_id` INTEGER , `name` FLOAT DEFAULT 0.0 NOT NULL , `friendly_location` VARCHAR(255) , `id` INTEGER AUTO_INCREMENT , PRIMARY KEY (`id`) ) ENGINE=InnoDB 
2020-07-23 01:39:37.409  INFO 16232 --- [    Test worker] com.j256.ormlite.table.TableUtils        : creating table 'geolocations'
2020-07-23 01:39:37.410  INFO 16232 --- [    Test worker] com.j256.ormlite.table.TableUtils        : executed create table statement changed 0 rows: CREATE TABLE IF NOT EXISTS `geolocations` (`lat` DOUBLE PRECISION DEFAULT 0.0 NOT NULL , `lng` DOUBLE PRECISION DEFAULT 0.0 NOT NULL , `date_time` VARCHAR(255) , `jobGeoLoc_id` INTEGER , `clientGeoLoc_id` INTEGER , `serviceProviderGeoLoc_id` INTEGER , `id` INTEGER AUTO_INCREMENT , PRIMARY KEY (`id`) ) ENGINE=InnoDB 
2020-07-23 01:39:37.626  INFO 16232 --- [    Test worker] com.j256.ormlite.table.TableUtils        : creating table 'clients'
2020-07-23 01:39:37.627  INFO 16232 --- [    Test worker] com.j256.ormlite.table.TableUtils        : executed create table statement changed 0 rows: CREATE TABLE IF NOT EXISTS `clients` (`email` VARCHAR(255) NOT NULL , `user_name` VARCHAR(255) NOT NULL , `first_name` VARCHAR(255) NOT NULL , `last_name` VARCHAR(255) NOT NULL , `loc_id` INTEGER , `rating` FLOAT , `id` INTEGER AUTO_INCREMENT , PRIMARY KEY (`id`) ) ENGINE=InnoDB 
2020-07-23 01:39:37.627  INFO 16232 --- [    Test worker] com.j256.ormlite.table.TableUtils        : creating table 'job_requests'
2020-07-23 01:39:37.628  INFO 16232 --- [    Test worker] com.j256.ormlite.table.TableUtils        : executed create table statement changed 0 rows: CREATE TABLE IF NOT EXISTS `job_requests` (`short_description` VARCHAR(255) NOT NULL , `long_description` VARCHAR(255) NOT NULL , `loc_id` INTEGER , `pay` DOUBLE PRECISION NOT NULL , `complete` TINYINT(1) NOT NULL , `friendly_location` VARCHAR(255) , `client_id` INTEGER , `id` INTEGER AUTO_INCREMENT , PRIMARY KEY (`id`) ) ENGINE=InnoDB 
2020-07-23 01:39:37.628  INFO 16232 --- [    Test worker] com.j256.ormlite.table.TableUtils        : creating table 'service_providers'
2020-07-23 01:39:37.629  INFO 16232 --- [    Test worker] com.j256.ormlite.table.TableUtils        : executed create table statement changed 0 rows: CREATE TABLE IF NOT EXISTS `service_providers` (`email` VARCHAR(255) NOT NULL , `user_name` VARCHAR(255) NOT NULL , `first_name` VARCHAR(255) NOT NULL , `last_name` VARCHAR(255) NOT NULL , `loc_id` INTEGER , `name` FLOAT DEFAULT 0.0 NOT NULL , `friendly_location` VARCHAR(255) , `id` INTEGER AUTO_INCREMENT , PRIMARY KEY (`id`) ) ENGINE=InnoDB 
2020-07-23 01:39:37.629  INFO 16232 --- [    Test worker] com.j256.ormlite.table.TableUtils        : creating table 'geolocations'
2020-07-23 01:39:37.630  INFO 16232 --- [    Test worker] com.j256.ormlite.table.TableUtils        : executed create table statement changed 0 rows: CREATE TABLE IF NOT EXISTS `geolocations` (`lat` DOUBLE PRECISION DEFAULT 0.0 NOT NULL , `lng` DOUBLE PRECISION DEFAULT 0.0 NOT NULL , `date_time` VARCHAR(255) , `jobGeoLoc_id` INTEGER , `clientGeoLoc_id` INTEGER , `serviceProviderGeoLoc_id` INTEGER , `id` INTEGER AUTO_INCREMENT , PRIMARY KEY (`id`) ) ENGINE=InnoDB 
2020-07-23 01:39:37.829  INFO 16232 --- [    Test worker] com.appgen.AppgenApplicationTests        : {"id":1,"email":"ruusey@gmail.com","userName":"ruusey","firstName":"Robert","lastName":"Usey","jobs":[{"id":1,"shortDescription":"Wanted software engineer","longDescription":"long-desc","loc":{"id":3,"lat":41.001,"lng":114.9,"dateTime":"2020-07-14T16:45:25.330Z"},"pay":100000.0,"complete":false,"friendlyLocation":null}],"loc":{"id":1,"lat":10.001,"lng":-14.1,"dateTime":"2020-07-14T16:45:25.329Z"},"rating":100.0}
2020-07-23 01:39:37.834  INFO 16232 --- [    Test worker] com.appgen.AppgenApplicationTests        : {"id":1,"email":"ruusey@gmail.com","userName":"ruusey","firstName":"Robert","lastName":"Usey","loc":{"id":2,"lat":-10.001,"lng":14.1,"dateTime":"2020-07-14T16:45:25.330Z"},"rating":100.0,"friendlyLocation":null}
]]></system-out>
  <system-err><![CDATA[Loading class `com.mysql.jdbc.Driver'. This is deprecated. The new driver class is `com.mysql.cj.jdbc.Driver'. The driver is automatically registered via the SPI and manual loading of the driver class is generally unnecessary.
]]></system-err>
</testsuite>
